{"contracts/interfaces/IAaveLendingPool.sol":{"l":{},"path":"/Users/johanthan/Code/avolabs/longshort/contracts/contracts/interfaces/IAaveLendingPool.sol","s":{},"b":{},"f":{},"fnMap":{},"statementMap":{},"branchMap":{}},"contracts/interfaces/IADai.sol":{"l":{},"path":"/Users/johanthan/Code/avolabs/longshort/contracts/contracts/interfaces/IADai.sol","s":{},"b":{},"f":{},"fnMap":{},"statementMap":{},"branchMap":{}},"contracts/interfaces/ILendingPoolAddressesProvider.sol":{"l":{},"path":"/Users/johanthan/Code/avolabs/longshort/contracts/contracts/interfaces/ILendingPoolAddressesProvider.sol","s":{},"b":{},"f":{},"fnMap":{},"statementMap":{},"branchMap":{}},"contracts/LongCoins.sol":{"l":{"11":32,"12":32,"13":32,"14":32},"path":"/Users/johanthan/Code/avolabs/longshort/contracts/contracts/LongCoins.sol","s":{"1":32,"2":32,"3":32,"4":32},"b":{},"f":{"1":32},"fnMap":{"1":{"name":"setup","line":10,"loc":{"start":{"line":6,"column":4},"end":{"line":16,"column":4}}}},"statementMap":{"1":{"start":{"line":11,"column":8},"end":{"line":11,"column":66}},"2":{"start":{"line":12,"column":8},"end":{"line":12,"column":56}},"3":{"start":{"line":13,"column":8},"end":{"line":13,"column":49}},"4":{"start":{"line":14,"column":8},"end":{"line":14,"column":49}}},"branchMap":{}},"contracts/LongShort.sol":{"l":{"148":37,"149":37,"169":16,"172":16,"173":16,"175":16,"176":16,"177":16,"184":16,"185":16,"192":25,"199":25,"208":19,"209":16,"211":3,"220":20,"221":15,"223":5,"231":33,"232":33,"233":27,"237":33,"238":33,"239":16,"243":33,"256":8,"257":8,"259":8,"271":25,"272":25,"274":25,"280":25,"282":25,"299":33,"300":33,"301":21,"302":21,"303":21,"304":21,"311":7,"312":6,"317":1,"318":1,"320":1,"321":1,"324":1,"326":0,"327":0,"329":1,"330":1,"334":0,"338":1,"339":1,"342":0,"345":0,"346":0,"347":0,"349":0,"350":0,"354":0,"358":0,"359":0,"369":41,"370":16,"375":25,"376":25,"379":25,"380":7,"385":25,"386":6,"388":12,"391":7,"394":25,"395":25,"399":25,"406":37,"407":37,"408":37,"410":37,"411":37,"412":37,"414":37,"423":8,"425":8,"430":1,"434":1,"439":1,"447":1,"449":8,"462":37,"464":37,"465":29,"467":8,"468":8,"469":8,"470":1,"473":7,"474":7,"475":2,"477":5,"479":7,"485":8,"486":8,"487":2,"489":6,"491":8,"493":37,"500":19,"501":19,"502":19,"503":19,"505":19,"508":19,"511":19,"512":19,"514":19,"517":19,"522":19,"532":18,"533":18,"535":18,"536":18,"538":18,"541":18,"544":18,"545":18,"547":18,"549":18,"554":18,"561":0,"563":0,"564":0,"566":0,"578":0,"581":0,"584":0,"593":0,"594":0,"597":0,"599":0,"600":0,"602":0,"603":0,"604":0,"606":0,"608":0,"611":0,"614":0,"615":0,"616":0,"618":0,"621":0,"627":0,"629":0,"630":0,"632":0,"635":0,"636":0,"641":0,"649":0,"650":0,"652":0,"654":0,"658":0,"662":0,"664":0,"665":0,"667":0,"670":0,"671":0,"676":0,"684":0,"685":0,"687":0,"689":0,"693":0},"path":"/Users/johanthan/Code/avolabs/longshort/contracts/contracts/LongShort.sol","s":{"1":37,"2":16,"3":16,"4":16,"5":16,"6":16,"7":16,"8":16,"9":16,"10":25,"11":25,"12":19,"13":16,"14":3,"15":20,"16":15,"17":5,"18":33,"19":33,"20":27,"21":33,"22":33,"23":16,"24":33,"25":8,"26":8,"27":8,"28":25,"29":25,"30":25,"31":25,"32":25,"33":33,"34":33,"35":21,"36":21,"37":21,"38":21,"39":7,"40":6,"41":1,"42":1,"43":1,"44":1,"45":1,"46":0,"47":0,"48":1,"49":1,"50":0,"51":1,"52":1,"53":0,"54":0,"55":0,"56":0,"57":0,"58":0,"59":0,"60":0,"61":0,"62":41,"63":16,"64":25,"65":25,"66":25,"67":7,"68":25,"69":6,"70":19,"71":12,"72":7,"73":25,"74":25,"75":25,"76":37,"77":37,"78":37,"79":37,"80":37,"81":37,"82":37,"83":8,"84":8,"85":1,"86":1,"87":1,"88":1,"89":8,"90":37,"91":37,"92":29,"93":8,"94":8,"95":8,"96":1,"97":7,"98":7,"99":2,"100":5,"101":7,"102":8,"103":8,"104":2,"105":6,"106":8,"107":37,"108":19,"109":19,"110":19,"111":19,"112":19,"113":19,"114":19,"115":19,"116":19,"117":19,"118":19,"119":18,"120":18,"121":18,"122":18,"123":18,"124":18,"125":18,"126":18,"127":18,"128":18,"129":18,"130":0,"131":0,"132":0,"133":0,"134":0,"135":0,"136":0,"137":0,"138":0,"139":0,"140":0,"141":0,"142":0,"143":0,"144":0,"145":0,"146":0,"147":0,"148":0,"149":0,"150":0,"151":0,"152":0,"153":0,"154":0,"155":0,"156":0,"157":0,"158":0,"159":0,"160":0,"161":0,"162":0,"163":0,"164":0,"165":0,"166":0,"167":0,"168":0,"169":0,"170":0,"171":0,"172":0,"173":0,"174":0,"175":0,"176":0},"b":{"1":[16,3],"2":[15,5],"3":[27,6],"4":[16,17],"5":[33,0],"6":[21,12],"7":[6,1],"8":[1,0],"9":[0,1],"10":[1,0],"11":[0,0],"12":[0,0],"13":[16,25],"14":[7,18],"15":[6,19],"16":[12,7],"17":[25,0],"18":[37,0],"19":[1,7],"20":[1,0],"21":[29,8],"22":[1,7],"23":[2,5],"24":[2,6],"25":[19,0],"26":[19,0],"27":[18,0],"28":[18,0],"29":[0,0],"30":[0,0],"31":[0,0],"32":[0,0],"33":[0,0],"34":[0,0],"35":[0,0],"36":[0,0],"37":[0,0],"38":[0,0]},"f":{"1":37,"2":16,"3":25,"4":19,"5":20,"6":33,"7":8,"8":25,"9":33,"10":7,"11":41,"12":37,"13":8,"14":37,"15":19,"16":18,"17":0,"18":0,"19":0,"20":0,"21":0},"fnMap":{"1":{"name":"refreshSystemState","line":147,"loc":{"start":{"line":147,"column":4},"end":{"line":150,"column":4}}},"2":{"name":"constructor","line":158,"loc":{"start":{"line":158,"column":4},"end":{"line":186,"column":4}}},"3":{"name":"getLatestPrice","line":191,"loc":{"start":{"line":191,"column":4},"end":{"line":200,"column":4}}},"4":{"name":"getLongBeta","line":205,"loc":{"start":{"line":205,"column":4},"end":{"line":213,"column":4}}},"5":{"name":"getShortBeta","line":219,"loc":{"start":{"line":219,"column":4},"end":{"line":225,"column":4}}},"6":{"name":"_refreshTokensPrice","line":230,"loc":{"start":{"line":230,"column":4},"end":{"line":244,"column":4}}},"7":{"name":"_feesMechanism","line":251,"loc":{"start":{"line":251,"column":4},"end":{"line":260,"column":4}}},"8":{"name":"_accreditInterestMechanism","line":267,"loc":{"start":{"line":267,"column":4},"end":{"line":288,"column":4}}},"9":{"name":"_increaseLongShortSides","line":294,"loc":{"start":{"line":294,"column":4},"end":{"line":306,"column":4}}},"10":{"name":"_priceChangeMechanism","line":309,"loc":{"start":{"line":309,"column":4},"end":{"line":362,"column":4}}},"11":{"name":"_updateSystemState","line":368,"loc":{"start":{"line":368,"column":4},"end":{"line":403,"column":4}}},"12":{"name":"_addDeposit","line":405,"loc":{"start":{"line":405,"column":4},"end":{"line":415,"column":4}}},"13":{"name":"_feeCalc","line":417,"loc":{"start":{"line":417,"column":4},"end":{"line":450,"column":4}}},"14":{"name":"_calcFinalDepositAmount","line":456,"loc":{"start":{"line":456,"column":4},"end":{"line":494,"column":4}}},"15":{"name":"mintLong","line":499,"loc":{"start":{"line":499,"column":4},"end":{"line":526,"column":4}}},"16":{"name":"mintShort","line":531,"loc":{"start":{"line":531,"column":4},"end":{"line":558,"column":4}}},"17":{"name":"_redeem","line":560,"loc":{"start":{"line":560,"column":4},"end":{"line":568,"column":4}}},"18":{"name":"_feeCalcRedeem","line":573,"loc":{"start":{"line":573,"column":4},"end":{"line":585,"column":4}}},"19":{"name":"_calcFinalRedeemAmount","line":587,"loc":{"start":{"line":587,"column":4},"end":{"line":622,"column":4}}},"20":{"name":"redeemLong","line":625,"loc":{"start":{"line":625,"column":4},"end":{"line":659,"column":4}}},"21":{"name":"redeemShort","line":661,"loc":{"start":{"line":661,"column":4},"end":{"line":694,"column":4}}}},"statementMap":{"1":{"start":{"line":148,"column":8},"end":{"line":148,"column":27}},"2":{"start":{"line":169,"column":8},"end":{"line":169,"column":54}},"3":{"start":{"line":172,"column":8},"end":{"line":172,"column":41}},"4":{"start":{"line":173,"column":8},"end":{"line":173,"column":44}},"5":{"start":{"line":175,"column":8},"end":{"line":175,"column":39}},"6":{"start":{"line":176,"column":8},"end":{"line":176,"column":75}},"7":{"start":{"line":177,"column":8},"end":{"line":177,"column":40}},"8":{"start":{"line":184,"column":8},"end":{"line":184,"column":37}},"9":{"start":{"line":185,"column":8},"end":{"line":185,"column":38}},"10":{"start":{"line":192,"column":8},"end":{"line":192,"column":7628}},"11":{"start":{"line":199,"column":8},"end":{"line":199,"column":20}},"12":{"start":{"line":208,"column":8},"end":{"line":208,"column":8067}},"13":{"start":{"line":209,"column":12},"end":{"line":209,"column":32}},"14":{"start":{"line":211,"column":12},"end":{"line":211,"column":63}},"15":{"start":{"line":220,"column":8},"end":{"line":220,"column":8404}},"16":{"start":{"line":221,"column":12},"end":{"line":221,"column":32}},"17":{"start":{"line":223,"column":12},"end":{"line":223,"column":63}},"18":{"start":{"line":231,"column":8},"end":{"line":231,"column":58}},"19":{"start":{"line":232,"column":8},"end":{"line":232,"column":8739}},"20":{"start":{"line":233,"column":12},"end":{"line":233,"column":8782}},"21":{"start":{"line":237,"column":8},"end":{"line":237,"column":60}},"22":{"start":{"line":238,"column":8},"end":{"line":238,"column":8965}},"23":{"start":{"line":239,"column":12},"end":{"line":239,"column":9009}},"24":{"start":{"line":243,"column":8},"end":{"line":243,"column":65}},"25":{"start":{"line":256,"column":8},"end":{"line":256,"column":74}},"26":{"start":{"line":257,"column":8},"end":{"line":257,"column":28}},"27":{"start":{"line":259,"column":8},"end":{"line":259,"column":67}},"28":{"start":{"line":271,"column":8},"end":{"line":271,"column":78}},"29":{"start":{"line":272,"column":8},"end":{"line":272,"column":78}},"30":{"start":{"line":274,"column":8},"end":{"line":274,"column":10158}},"31":{"start":{"line":280,"column":8},"end":{"line":280,"column":48}},"32":{"start":{"line":282,"column":8},"end":{"line":282,"column":10341}},"33":{"start":{"line":299,"column":8},"end":{"line":299,"column":58}},"34":{"start":{"line":300,"column":8},"end":{"line":300,"column":10871}},"35":{"start":{"line":301,"column":12},"end":{"line":301,"column":74}},"36":{"start":{"line":302,"column":12},"end":{"line":302,"column":68}},"37":{"start":{"line":303,"column":12},"end":{"line":303,"column":54}},"38":{"start":{"line":304,"column":12},"end":{"line":304,"column":57}},"39":{"start":{"line":311,"column":8},"end":{"line":311,"column":11333}},"40":{"start":{"line":312,"column":12},"end":{"line":312,"column":18}},"41":{"start":{"line":317,"column":8},"end":{"line":317,"column":32}},"42":{"start":{"line":318,"column":8},"end":{"line":318,"column":31}},"43":{"start":{"line":320,"column":8},"end":{"line":320,"column":11538}},"44":{"start":{"line":321,"column":12},"end":{"line":321,"column":11602}},"45":{"start":{"line":324,"column":12},"end":{"line":324,"column":11711}},"46":{"start":{"line":326,"column":16},"end":{"line":326,"column":52}},"47":{"start":{"line":327,"column":16},"end":{"line":327,"column":29}},"48":{"start":{"line":329,"column":16},"end":{"line":329,"column":11950}},"49":{"start":{"line":330,"column":20},"end":{"line":330,"column":12013}},"50":{"start":{"line":334,"column":20},"end":{"line":334,"column":12171}},"51":{"start":{"line":338,"column":16},"end":{"line":338,"column":53}},"52":{"start":{"line":339,"column":16},"end":{"line":339,"column":55}},"53":{"start":{"line":342,"column":12},"end":{"line":342,"column":12469}},"54":{"start":{"line":345,"column":12},"end":{"line":345,"column":12578}},"55":{"start":{"line":346,"column":16},"end":{"line":346,"column":53}},"56":{"start":{"line":347,"column":16},"end":{"line":347,"column":28}},"57":{"start":{"line":349,"column":16},"end":{"line":349,"column":12747}},"58":{"start":{"line":350,"column":20},"end":{"line":350,"column":12810}},"59":{"start":{"line":354,"column":20},"end":{"line":354,"column":12968}},"60":{"start":{"line":358,"column":16},"end":{"line":358,"column":53}},"61":{"start":{"line":359,"column":16},"end":{"line":359,"column":55}},"62":{"start":{"line":369,"column":8},"end":{"line":369,"column":13428}},"63":{"start":{"line":370,"column":12},"end":{"line":370,"column":18}},"64":{"start":{"line":375,"column":8},"end":{"line":375,"column":52}},"65":{"start":{"line":376,"column":8},"end":{"line":376,"column":46}},"66":{"start":{"line":379,"column":8},"end":{"line":379,"column":13795}},"67":{"start":{"line":380,"column":12},"end":{"line":380,"column":42}},"68":{"start":{"line":385,"column":8},"end":{"line":385,"column":14038}},"69":{"start":{"line":386,"column":12},"end":{"line":386,"column":45}},"70":{"start":{"line":387,"column":15},"end":{"line":387,"column":14123}},"71":{"start":{"line":388,"column":12},"end":{"line":388,"column":45}},"72":{"start":{"line":391,"column":12},"end":{"line":391,"column":45}},"73":{"start":{"line":394,"column":8},"end":{"line":394,"column":28}},"74":{"start":{"line":395,"column":8},"end":{"line":395,"column":28}},"75":{"start":{"line":399,"column":8},"end":{"line":399,"column":14532}},"76":{"start":{"line":406,"column":8},"end":{"line":406,"column":63}},"77":{"start":{"line":407,"column":8},"end":{"line":407,"column":72}},"78":{"start":{"line":408,"column":8},"end":{"line":408,"column":62}},"79":{"start":{"line":410,"column":8},"end":{"line":410,"column":66}},"80":{"start":{"line":411,"column":8},"end":{"line":411,"column":59}},"81":{"start":{"line":412,"column":8},"end":{"line":412,"column":68}},"82":{"start":{"line":414,"column":8},"end":{"line":414,"column":54}},"83":{"start":{"line":423,"column":8},"end":{"line":423,"column":15452}},"84":{"start":{"line":425,"column":8},"end":{"line":425,"column":15485}},"85":{"start":{"line":430,"column":12},"end":{"line":430,"column":15894}},"86":{"start":{"line":434,"column":16},"end":{"line":434,"column":16040}},"87":{"start":{"line":439,"column":12},"end":{"line":439,"column":16206}},"88":{"start":{"line":447,"column":12},"end":{"line":447,"column":42}},"89":{"start":{"line":449,"column":8},"end":{"line":449,"column":19}},"90":{"start":{"line":462,"column":8},"end":{"line":462,"column":38}},"91":{"start":{"line":464,"column":8},"end":{"line":464,"column":16951}},"92":{"start":{"line":465,"column":12},"end":{"line":465,"column":38}},"93":{"start":{"line":467,"column":12},"end":{"line":467,"column":28}},"94":{"start":{"line":468,"column":12},"end":{"line":468,"column":39}},"95":{"start":{"line":469,"column":12},"end":{"line":469,"column":17160}},"96":{"start":{"line":470,"column":16},"end":{"line":470,"column":76}},"97":{"start":{"line":473,"column":16},"end":{"line":473,"column":45}},"98":{"start":{"line":474,"column":16},"end":{"line":474,"column":17443}},"99":{"start":{"line":475,"column":20},"end":{"line":475,"column":76}},"100":{"start":{"line":477,"column":20},"end":{"line":477,"column":76}},"101":{"start":{"line":479,"column":16},"end":{"line":479,"column":17674}},"102":{"start":{"line":485,"column":12},"end":{"line":485,"column":45}},"103":{"start":{"line":486,"column":12},"end":{"line":486,"column":17902}},"104":{"start":{"line":487,"column":16},"end":{"line":487,"column":43}},"105":{"start":{"line":489,"column":16},"end":{"line":489,"column":43}},"106":{"start":{"line":491,"column":12},"end":{"line":491,"column":47}},"107":{"start":{"line":493,"column":8},"end":{"line":493,"column":33}},"108":{"start":{"line":500,"column":8},"end":{"line":500,"column":26}},"109":{"start":{"line":501,"column":8},"end":{"line":501,"column":32}},"110":{"start":{"line":502,"column":8},"end":{"line":502,"column":40}},"111":{"start":{"line":503,"column":8},"end":{"line":503,"column":18428}},"112":{"start":{"line":505,"column":8},"end":{"line":505,"column":18540}},"113":{"start":{"line":508,"column":8},"end":{"line":508,"column":18588}},"114":{"start":{"line":511,"column":8},"end":{"line":511,"column":52}},"115":{"start":{"line":512,"column":8},"end":{"line":512,"column":48}},"116":{"start":{"line":514,"column":8},"end":{"line":514,"column":65}},"117":{"start":{"line":517,"column":8},"end":{"line":517,"column":18935}},"118":{"start":{"line":522,"column":8},"end":{"line":522,"column":19119}},"119":{"start":{"line":532,"column":8},"end":{"line":532,"column":26}},"120":{"start":{"line":533,"column":8},"end":{"line":533,"column":32}},"121":{"start":{"line":535,"column":8},"end":{"line":535,"column":42}},"122":{"start":{"line":536,"column":8},"end":{"line":536,"column":19579}},"123":{"start":{"line":538,"column":8},"end":{"line":538,"column":19693}},"124":{"start":{"line":541,"column":8},"end":{"line":541,"column":19741}},"125":{"start":{"line":544,"column":8},"end":{"line":544,"column":54}},"126":{"start":{"line":545,"column":8},"end":{"line":545,"column":49}},"127":{"start":{"line":547,"column":8},"end":{"line":547,"column":66}},"128":{"start":{"line":549,"column":8},"end":{"line":549,"column":20049}},"129":{"start":{"line":554,"column":8},"end":{"line":554,"column":20237}},"130":{"start":{"line":561,"column":8},"end":{"line":561,"column":54}},"131":{"start":{"line":563,"column":8},"end":{"line":563,"column":20477}},"132":{"start":{"line":564,"column":12},"end":{"line":564,"column":51}},"133":{"start":{"line":566,"column":12},"end":{"line":566,"column":52}},"134":{"start":{"line":578,"column":8},"end":{"line":578,"column":75}},"135":{"start":{"line":581,"column":8},"end":{"line":581,"column":21105}},"136":{"start":{"line":584,"column":8},"end":{"line":584,"column":39}},"137":{"start":{"line":593,"column":8},"end":{"line":593,"column":24}},"138":{"start":{"line":594,"column":8},"end":{"line":594,"column":37}},"139":{"start":{"line":597,"column":8},"end":{"line":597,"column":21518}},"140":{"start":{"line":599,"column":12},"end":{"line":599,"column":21632}},"141":{"start":{"line":600,"column":16},"end":{"line":600,"column":47}},"142":{"start":{"line":602,"column":16},"end":{"line":602,"column":45}},"143":{"start":{"line":603,"column":16},"end":{"line":603,"column":21802}},"144":{"start":{"line":604,"column":20},"end":{"line":604,"column":76}},"145":{"start":{"line":606,"column":20},"end":{"line":606,"column":76}},"146":{"start":{"line":608,"column":16},"end":{"line":608,"column":63}},"147":{"start":{"line":611,"column":12},"end":{"line":611,"column":48}},"148":{"start":{"line":614,"column":8},"end":{"line":614,"column":43}},"149":{"start":{"line":615,"column":8},"end":{"line":615,"column":22222}},"150":{"start":{"line":616,"column":12},"end":{"line":616,"column":39}},"151":{"start":{"line":618,"column":12},"end":{"line":618,"column":39}},"152":{"start":{"line":621,"column":8},"end":{"line":621,"column":32}},"153":{"start":{"line":627,"column":8},"end":{"line":627,"column":54}},"154":{"start":{"line":629,"column":8},"end":{"line":629,"column":42}},"155":{"start":{"line":630,"column":8},"end":{"line":630,"column":40}},"156":{"start":{"line":632,"column":8},"end":{"line":632,"column":22861}},"157":{"start":{"line":635,"column":8},"end":{"line":635,"column":22905}},"158":{"start":{"line":636,"column":12},"end":{"line":636,"column":22963}},"159":{"start":{"line":641,"column":8},"end":{"line":641,"column":23102}},"160":{"start":{"line":649,"column":8},"end":{"line":649,"column":48}},"161":{"start":{"line":650,"column":8},"end":{"line":650,"column":33}},"162":{"start":{"line":652,"column":8},"end":{"line":652,"column":74}},"163":{"start":{"line":654,"column":8},"end":{"line":654,"column":23468}},"164":{"start":{"line":658,"column":8},"end":{"line":658,"column":61}},"165":{"start":{"line":662,"column":8},"end":{"line":662,"column":55}},"166":{"start":{"line":664,"column":8},"end":{"line":664,"column":40}},"167":{"start":{"line":665,"column":8},"end":{"line":665,"column":39}},"168":{"start":{"line":667,"column":8},"end":{"line":667,"column":23952}},"169":{"start":{"line":670,"column":8},"end":{"line":670,"column":23996}},"170":{"start":{"line":671,"column":12},"end":{"line":671,"column":24055}},"171":{"start":{"line":676,"column":8},"end":{"line":676,"column":24193}},"172":{"start":{"line":684,"column":8},"end":{"line":684,"column":50}},"173":{"start":{"line":685,"column":8},"end":{"line":685,"column":33}},"174":{"start":{"line":687,"column":8},"end":{"line":687,"column":75}},"175":{"start":{"line":689,"column":8},"end":{"line":689,"column":24561}},"176":{"start":{"line":693,"column":8},"end":{"line":693,"column":61}}},"branchMap":{"1":{"line":208,"type":"if","locations":[{"start":{"line":208,"column":8},"end":{"line":208,"column":8}},{"start":{"line":208,"column":8},"end":{"line":208,"column":8}}]},"2":{"line":220,"type":"if","locations":[{"start":{"line":220,"column":8},"end":{"line":220,"column":8}},{"start":{"line":220,"column":8},"end":{"line":220,"column":8}}]},"3":{"line":232,"type":"if","locations":[{"start":{"line":232,"column":8},"end":{"line":232,"column":8}},{"start":{"line":232,"column":8},"end":{"line":232,"column":8}}]},"4":{"line":238,"type":"if","locations":[{"start":{"line":238,"column":8},"end":{"line":238,"column":8}},{"start":{"line":238,"column":8},"end":{"line":238,"column":8}}]},"5":{"line":299,"type":"if","locations":[{"start":{"line":299,"column":8},"end":{"line":299,"column":8}},{"start":{"line":299,"column":8},"end":{"line":299,"column":8}}]},"6":{"line":300,"type":"if","locations":[{"start":{"line":300,"column":8},"end":{"line":300,"column":8}},{"start":{"line":300,"column":8},"end":{"line":300,"column":8}}]},"7":{"line":311,"type":"if","locations":[{"start":{"line":311,"column":8},"end":{"line":311,"column":8}},{"start":{"line":311,"column":8},"end":{"line":311,"column":8}}]},"8":{"line":320,"type":"if","locations":[{"start":{"line":320,"column":8},"end":{"line":320,"column":8}},{"start":{"line":320,"column":8},"end":{"line":320,"column":8}}]},"9":{"line":324,"type":"if","locations":[{"start":{"line":324,"column":12},"end":{"line":324,"column":12}},{"start":{"line":324,"column":12},"end":{"line":324,"column":12}}]},"10":{"line":329,"type":"if","locations":[{"start":{"line":329,"column":16},"end":{"line":329,"column":16}},{"start":{"line":329,"column":16},"end":{"line":329,"column":16}}]},"11":{"line":345,"type":"if","locations":[{"start":{"line":345,"column":12},"end":{"line":345,"column":12}},{"start":{"line":345,"column":12},"end":{"line":345,"column":12}}]},"12":{"line":349,"type":"if","locations":[{"start":{"line":349,"column":16},"end":{"line":349,"column":16}},{"start":{"line":349,"column":16},"end":{"line":349,"column":16}}]},"13":{"line":369,"type":"if","locations":[{"start":{"line":369,"column":8},"end":{"line":369,"column":8}},{"start":{"line":369,"column":8},"end":{"line":369,"column":8}}]},"14":{"line":379,"type":"if","locations":[{"start":{"line":379,"column":8},"end":{"line":379,"column":8}},{"start":{"line":379,"column":8},"end":{"line":379,"column":8}}]},"15":{"line":385,"type":"if","locations":[{"start":{"line":385,"column":8},"end":{"line":385,"column":8}},{"start":{"line":385,"column":8},"end":{"line":385,"column":8}}]},"16":{"line":387,"type":"if","locations":[{"start":{"line":387,"column":15},"end":{"line":387,"column":15}},{"start":{"line":387,"column":15},"end":{"line":387,"column":15}}]},"17":{"line":399,"type":"if","locations":[{"start":{"line":399,"column":8},"end":{"line":399,"column":8}},{"start":{"line":399,"column":8},"end":{"line":399,"column":8}}]},"18":{"line":406,"type":"if","locations":[{"start":{"line":406,"column":8},"end":{"line":406,"column":8}},{"start":{"line":406,"column":8},"end":{"line":406,"column":8}}]},"19":{"line":425,"type":"if","locations":[{"start":{"line":425,"column":8},"end":{"line":425,"column":8}},{"start":{"line":425,"column":8},"end":{"line":425,"column":8}}]},"20":{"line":430,"type":"if","locations":[{"start":{"line":430,"column":12},"end":{"line":430,"column":12}},{"start":{"line":430,"column":12},"end":{"line":430,"column":12}}]},"21":{"line":464,"type":"if","locations":[{"start":{"line":464,"column":8},"end":{"line":464,"column":8}},{"start":{"line":464,"column":8},"end":{"line":464,"column":8}}]},"22":{"line":469,"type":"if","locations":[{"start":{"line":469,"column":12},"end":{"line":469,"column":12}},{"start":{"line":469,"column":12},"end":{"line":469,"column":12}}]},"23":{"line":474,"type":"if","locations":[{"start":{"line":474,"column":16},"end":{"line":474,"column":16}},{"start":{"line":474,"column":16},"end":{"line":474,"column":16}}]},"24":{"line":486,"type":"if","locations":[{"start":{"line":486,"column":12},"end":{"line":486,"column":12}},{"start":{"line":486,"column":12},"end":{"line":486,"column":12}}]},"25":{"line":517,"type":"if","locations":[{"start":{"line":517,"column":8},"end":{"line":517,"column":8}},{"start":{"line":517,"column":8},"end":{"line":517,"column":8}}]},"26":{"line":522,"type":"if","locations":[{"start":{"line":522,"column":8},"end":{"line":522,"column":8}},{"start":{"line":522,"column":8},"end":{"line":522,"column":8}}]},"27":{"line":549,"type":"if","locations":[{"start":{"line":549,"column":8},"end":{"line":549,"column":8}},{"start":{"line":549,"column":8},"end":{"line":549,"column":8}}]},"28":{"line":554,"type":"if","locations":[{"start":{"line":554,"column":8},"end":{"line":554,"column":8}},{"start":{"line":554,"column":8},"end":{"line":554,"column":8}}]},"29":{"line":597,"type":"if","locations":[{"start":{"line":597,"column":8},"end":{"line":597,"column":8}},{"start":{"line":597,"column":8},"end":{"line":597,"column":8}}]},"30":{"line":599,"type":"if","locations":[{"start":{"line":599,"column":12},"end":{"line":599,"column":12}},{"start":{"line":599,"column":12},"end":{"line":599,"column":12}}]},"31":{"line":603,"type":"if","locations":[{"start":{"line":603,"column":16},"end":{"line":603,"column":16}},{"start":{"line":603,"column":16},"end":{"line":603,"column":16}}]},"32":{"line":615,"type":"if","locations":[{"start":{"line":615,"column":8},"end":{"line":615,"column":8}},{"start":{"line":615,"column":8},"end":{"line":615,"column":8}}]},"33":{"line":635,"type":"if","locations":[{"start":{"line":635,"column":8},"end":{"line":635,"column":8}},{"start":{"line":635,"column":8},"end":{"line":635,"column":8}}]},"34":{"line":654,"type":"if","locations":[{"start":{"line":654,"column":8},"end":{"line":654,"column":8}},{"start":{"line":654,"column":8},"end":{"line":654,"column":8}}]},"35":{"line":658,"type":"if","locations":[{"start":{"line":658,"column":8},"end":{"line":658,"column":8}},{"start":{"line":658,"column":8},"end":{"line":658,"column":8}}]},"36":{"line":670,"type":"if","locations":[{"start":{"line":670,"column":8},"end":{"line":670,"column":8}},{"start":{"line":670,"column":8},"end":{"line":670,"column":8}}]},"37":{"line":689,"type":"if","locations":[{"start":{"line":689,"column":8},"end":{"line":689,"column":8}},{"start":{"line":689,"column":8},"end":{"line":689,"column":8}}]},"38":{"line":693,"type":"if","locations":[{"start":{"line":693,"column":8},"end":{"line":693,"column":8}},{"start":{"line":693,"column":8},"end":{"line":693,"column":8}}]}}},"contracts/mocks/AaveLendingPool.sol":{"l":{"20":16,"21":16,"22":16,"26":8,"34":37,"35":37,"37":37,"42":1},"path":"/Users/johanthan/Code/avolabs/longshort/contracts/contracts/mocks/AaveLendingPool.sol","s":{"1":16,"2":16,"3":16,"4":8,"5":37,"6":37,"7":37,"8":1},"b":{},"f":{"1":16,"2":8,"3":37,"4":1},"fnMap":{"1":{"name":"constructor","line":15,"loc":{"start":{"line":15,"column":4},"end":{"line":23,"column":4}}},"2":{"name":"setSimulatedInstantAPY","line":25,"loc":{"start":{"line":25,"column":4},"end":{"line":27,"column":4}}},"3":{"name":"deposit","line":29,"loc":{"start":{"line":29,"column":4},"end":{"line":39,"column":4}}},"4":{"name":"mockSendInterest","line":41,"loc":{"start":{"line":41,"column":4},"end":{"line":43,"column":4}}}},"statementMap":{"1":{"start":{"line":20,"column":8},"end":{"line":20,"column":25}},"2":{"start":{"line":21,"column":8},"end":{"line":21,"column":23}},"3":{"start":{"line":22,"column":8},"end":{"line":22,"column":49}},"4":{"start":{"line":26,"column":8},"end":{"line":26,"column":49}},"5":{"start":{"line":34,"column":8},"end":{"line":34,"column":40}},"6":{"start":{"line":35,"column":8},"end":{"line":35,"column":79}},"7":{"start":{"line":37,"column":8},"end":{"line":37,"column":36}},"8":{"start":{"line":42,"column":8},"end":{"line":42,"column":35}}},"branchMap":{}},"contracts/mocks/ADai.sol":{"l":{"19":16,"20":16,"24":0,"28":0,"31":0,"33":0},"path":"/Users/johanthan/Code/avolabs/longshort/contracts/contracts/mocks/ADai.sol","s":{"1":16,"2":16,"3":0,"4":0,"5":0,"6":0},"b":{"1":[0,0]},"f":{"1":16,"2":0,"3":0},"fnMap":{"1":{"name":"constructor","line":17,"loc":{"start":{"line":15,"column":2},"end":{"line":21,"column":2}}},"2":{"name":"setRedeemFailNotEnoughLiquidity","line":23,"loc":{"start":{"line":23,"column":2},"end":{"line":25,"column":2}}},"3":{"name":"redeem","line":27,"loc":{"start":{"line":27,"column":2},"end":{"line":35,"column":2}}}},"statementMap":{"1":{"start":{"line":19,"column":4},"end":{"line":19,"column":19}},"2":{"start":{"line":20,"column":4},"end":{"line":20,"column":26}},"3":{"start":{"line":24,"column":4},"end":{"line":24,"column":36}},"4":{"start":{"line":28,"column":4},"end":{"line":28,"column":67}},"5":{"start":{"line":31,"column":4},"end":{"line":31,"column":37}},"6":{"start":{"line":33,"column":4},"end":{"line":33,"column":32}}},"branchMap":{"1":{"line":28,"type":"if","locations":[{"start":{"line":28,"column":4},"end":{"line":28,"column":4}},{"start":{"line":28,"column":4},"end":{"line":28,"column":4}}]}}},"contracts/mocks/LendingPoolAddressesProvider.sol":{"l":{"10":16,"14":37,"18":37},"path":"/Users/johanthan/Code/avolabs/longshort/contracts/contracts/mocks/LendingPoolAddressesProvider.sol","s":{"1":16,"2":37,"3":37},"b":{},"f":{"1":16,"2":37,"3":37},"fnMap":{"1":{"name":"constructor","line":9,"loc":{"start":{"line":9,"column":2},"end":{"line":11,"column":2}}},"2":{"name":"getLendingPool","line":13,"loc":{"start":{"line":13,"column":2},"end":{"line":15,"column":2}}},"3":{"name":"getLendingPoolCore","line":17,"loc":{"start":{"line":17,"column":2},"end":{"line":19,"column":2}}}},"statementMap":{"1":{"start":{"line":10,"column":4},"end":{"line":10,"column":43}},"2":{"start":{"line":14,"column":4},"end":{"line":14,"column":35}},"3":{"start":{"line":18,"column":4},"end":{"line":18,"column":35}}},"branchMap":{}},"contracts/mocks/MockERC20.sol":{"l":{"23":16,"24":16,"25":16,"26":16,"30":38,"31":38,"35":0,"39":0,"40":0,"44":0,"45":0,"46":0,"54":0,"62":0,"63":0,"64":0,"65":0,"69":25},"path":"/Users/johanthan/Code/avolabs/longshort/contracts/contracts/mocks/MockERC20.sol","s":{"1":16,"2":16,"3":16,"4":16,"5":38,"6":38,"7":0,"8":0,"9":0,"10":0,"11":0,"12":0,"13":0,"14":0,"15":0,"16":0,"17":0,"18":25},"b":{},"f":{"1":16,"2":38,"3":0,"4":0,"5":0,"6":0,"7":0,"8":25},"fnMap":{"1":{"name":"constructor","line":17,"loc":{"start":{"line":17,"column":2},"end":{"line":27,"column":2}}},"2":{"name":"mint","line":29,"loc":{"start":{"line":29,"column":2},"end":{"line":32,"column":2}}},"3":{"name":"burnFrom","line":34,"loc":{"start":{"line":34,"column":2},"end":{"line":36,"column":2}}},"4":{"name":"approve","line":38,"loc":{"start":{"line":38,"column":2},"end":{"line":41,"column":2}}},"5":{"name":"transfer","line":43,"loc":{"start":{"line":43,"column":2},"end":{"line":47,"column":2}}},"6":{"name":"allowance","line":49,"loc":{"start":{"line":49,"column":2},"end":{"line":55,"column":2}}},"7":{"name":"transferFrom","line":57,"loc":{"start":{"line":57,"column":2},"end":{"line":66,"column":2}}},"8":{"name":"balanceOf","line":68,"loc":{"start":{"line":68,"column":2},"end":{"line":70,"column":2}}}},"statementMap":{"1":{"start":{"line":23,"column":4},"end":{"line":23,"column":15}},"2":{"start":{"line":24,"column":4},"end":{"line":24,"column":19}},"3":{"start":{"line":25,"column":4},"end":{"line":25,"column":23}},"4":{"start":{"line":26,"column":4},"end":{"line":26,"column":19}},"5":{"start":{"line":30,"column":4},"end":{"line":30,"column":48}},"6":{"start":{"line":31,"column":4},"end":{"line":31,"column":15}},"7":{"start":{"line":35,"column":4},"end":{"line":35,"column":48}},"8":{"start":{"line":39,"column":4},"end":{"line":39,"column":40}},"9":{"start":{"line":40,"column":4},"end":{"line":40,"column":15}},"10":{"start":{"line":44,"column":4},"end":{"line":44,"column":60}},"11":{"start":{"line":45,"column":4},"end":{"line":45,"column":44}},"12":{"start":{"line":46,"column":4},"end":{"line":46,"column":15}},"13":{"start":{"line":54,"column":4},"end":{"line":54,"column":37}},"14":{"start":{"line":62,"column":4},"end":{"line":62,"column":52}},"15":{"start":{"line":63,"column":4},"end":{"line":63,"column":44}},"16":{"start":{"line":64,"column":4},"end":{"line":64,"column":62}},"17":{"start":{"line":65,"column":4},"end":{"line":65,"column":15}},"18":{"start":{"line":69,"column":4},"end":{"line":69,"column":26}}},"branchMap":{}},"contracts/mocks/PriceOracle.sol":{"l":{"10":16,"14":0,"18":0,"22":0,"40":0,"55":25,"59":1,"63":0},"path":"/Users/johanthan/Code/avolabs/longshort/contracts/contracts/mocks/PriceOracle.sol","s":{"1":16,"2":0,"3":0,"4":0,"5":0,"6":25,"7":1,"8":0},"b":{},"f":{"1":16,"2":0,"3":0,"4":0,"5":0,"6":25,"7":1,"8":0},"fnMap":{"1":{"name":"constructor","line":9,"loc":{"start":{"line":9,"column":4},"end":{"line":11,"column":4}}},"2":{"name":"decimals","line":13,"loc":{"start":{"line":13,"column":4},"end":{"line":15,"column":4}}},"3":{"name":"description","line":17,"loc":{"start":{"line":17,"column":4},"end":{"line":19,"column":4}}},"4":{"name":"version","line":21,"loc":{"start":{"line":21,"column":4},"end":{"line":23,"column":4}}},"5":{"name":"getRoundData","line":28,"loc":{"start":{"line":28,"column":4},"end":{"line":41,"column":4}}},"6":{"name":"latestRoundData","line":43,"loc":{"start":{"line":43,"column":4},"end":{"line":56,"column":4}}},"7":{"name":"increasePrice","line":58,"loc":{"start":{"line":58,"column":4},"end":{"line":60,"column":4}}},"8":{"name":"decreasePrice","line":62,"loc":{"start":{"line":62,"column":4},"end":{"line":64,"column":4}}}},"statementMap":{"1":{"start":{"line":10,"column":8},"end":{"line":10,"column":33}},"2":{"start":{"line":14,"column":8},"end":{"line":14,"column":17}},"3":{"start":{"line":18,"column":8},"end":{"line":18,"column":25}},"4":{"start":{"line":22,"column":8},"end":{"line":22,"column":17}},"5":{"start":{"line":40,"column":8},"end":{"line":40,"column":30}},"6":{"start":{"line":55,"column":8},"end":{"line":55,"column":39}},"7":{"start":{"line":59,"column":8},"end":{"line":59,"column":72}},"8":{"start":{"line":63,"column":8},"end":{"line":63,"column":72}}},"branchMap":{}},"contracts/ShortCoins.sol":{"l":{"11":0,"12":0,"13":0,"14":0},"path":"/Users/johanthan/Code/avolabs/longshort/contracts/contracts/ShortCoins.sol","s":{"1":0,"2":0,"3":0,"4":0},"b":{},"f":{"1":0},"fnMap":{"1":{"name":"setup","line":10,"loc":{"start":{"line":6,"column":4},"end":{"line":16,"column":4}}}},"statementMap":{"1":{"start":{"line":11,"column":8},"end":{"line":11,"column":66}},"2":{"start":{"line":12,"column":8},"end":{"line":12,"column":56}},"3":{"start":{"line":13,"column":8},"end":{"line":13,"column":49}},"4":{"start":{"line":14,"column":8},"end":{"line":14,"column":49}}},"branchMap":{}}}