{"contracts/interfaces/IAaveLendingPool.sol":{"l":{},"path":"/Users/johanthan/Code/avolabs/longshort/contracts/contracts/interfaces/IAaveLendingPool.sol","s":{},"b":{},"f":{},"fnMap":{},"statementMap":{},"branchMap":{}},"contracts/interfaces/IADai.sol":{"l":{},"path":"/Users/johanthan/Code/avolabs/longshort/contracts/contracts/interfaces/IADai.sol","s":{},"b":{},"f":{},"fnMap":{},"statementMap":{},"branchMap":{}},"contracts/interfaces/ILendingPoolAddressesProvider.sol":{"l":{},"path":"/Users/johanthan/Code/avolabs/longshort/contracts/contracts/interfaces/ILendingPoolAddressesProvider.sol","s":{},"b":{},"f":{},"fnMap":{},"statementMap":{},"branchMap":{}},"contracts/SyntheticToken.sol":{"l":{"11":87,"12":87,"13":87,"14":87},"path":"/Users/johanthan/Code/avolabs/longshort/contracts/contracts/SyntheticToken.sol","s":{"1":87,"2":87,"3":87,"4":87},"b":{},"f":{"1":87},"fnMap":{"1":{"name":"setup","line":10,"loc":{"start":{"line":6,"column":4},"end":{"line":16,"column":4}}}},"statementMap":{"1":{"start":{"line":11,"column":8},"end":{"line":11,"column":66}},"2":{"start":{"line":12,"column":8},"end":{"line":12,"column":56}},"3":{"start":{"line":13,"column":8},"end":{"line":13,"column":49}},"4":{"start":{"line":14,"column":8},"end":{"line":14,"column":49}}},"branchMap":{}},"contracts/LongShort.sol":{"l":{"147":67,"148":67,"172":29,"175":29,"176":29,"178":29,"179":29,"180":29,"182":29,"183":29,"184":29,"185":29,"192":29,"193":29,"200":50,"207":50,"216":34,"217":30,"219":4,"228":38,"229":30,"231":8,"239":117,"240":117,"241":66,"245":117,"246":117,"247":48,"251":117,"264":17,"266":17,"278":50,"279":50,"281":50,"287":50,"289":50,"306":67,"307":67,"308":27,"309":27,"310":27,"311":27,"318":18,"319":12,"324":6,"325":6,"327":6,"328":3,"331":3,"333":1,"334":1,"336":2,"337":1,"341":1,"345":2,"346":2,"349":3,"352":3,"353":1,"354":1,"356":2,"357":1,"361":1,"365":2,"366":2,"376":79,"377":29,"382":50,"383":50,"390":50,"391":18,"396":50,"397":12,"399":22,"402":16,"405":50,"406":50,"410":50,"417":61,"418":61,"419":61,"421":61,"422":61,"423":61,"425":61,"434":11,"436":11,"441":1,"445":1,"450":1,"458":1,"460":11,"473":61,"475":61,"476":50,"478":11,"479":11,"480":11,"481":1,"484":10,"485":10,"486":2,"488":8,"490":10,"496":11,"499":11,"500":2,"502":9,"504":11,"506":61,"507":61,"514":31,"515":31,"516":31,"517":31,"519":31,"522":31,"525":31,"526":31,"528":31,"531":31,"536":31,"546":30,"547":30,"549":30,"550":30,"552":30,"555":30,"558":30,"559":30,"564":30,"566":30,"571":30,"578":6,"580":6,"581":0,"583":6,"595":6,"598":6,"601":6,"610":6,"611":6,"613":6,"614":2,"616":4,"617":2,"618":2,"619":1,"621":1,"623":2,"626":2,"629":6,"630":6,"632":6,"638":3,"640":3,"641":3,"642":3,"645":3,"649":3,"657":3,"658":3,"659":3,"661":3,"665":3,"667":3,"668":3,"669":3,"672":3,"676":3,"684":3,"685":3,"686":3,"688":3},"path":"/Users/johanthan/Code/avolabs/longshort/contracts/contracts/LongShort.sol","s":{"1":67,"2":29,"3":29,"4":29,"5":29,"6":29,"7":29,"8":29,"9":29,"10":29,"11":29,"12":29,"13":29,"14":50,"15":50,"16":34,"17":30,"18":4,"19":38,"20":30,"21":8,"22":117,"23":117,"24":66,"25":117,"26":117,"27":48,"28":117,"29":17,"30":17,"31":50,"32":50,"33":50,"34":50,"35":50,"36":67,"37":67,"38":27,"39":27,"40":27,"41":27,"42":18,"43":12,"44":6,"45":6,"46":6,"47":3,"48":3,"49":1,"50":1,"51":2,"52":1,"53":1,"54":2,"55":2,"56":3,"57":3,"58":1,"59":1,"60":2,"61":1,"62":1,"63":2,"64":2,"65":79,"66":29,"67":50,"68":50,"69":50,"70":18,"71":50,"72":12,"73":38,"74":22,"75":16,"76":50,"77":50,"78":50,"79":61,"80":61,"81":61,"82":61,"83":61,"84":61,"85":61,"86":11,"87":11,"88":1,"89":1,"90":1,"91":1,"92":11,"93":61,"94":61,"95":50,"96":11,"97":11,"98":11,"99":1,"100":10,"101":10,"102":2,"103":8,"104":10,"105":11,"106":11,"107":2,"108":9,"109":11,"110":61,"111":61,"112":31,"113":31,"114":31,"115":31,"116":31,"117":31,"118":31,"119":31,"120":31,"121":31,"122":31,"123":30,"124":30,"125":30,"126":30,"127":30,"128":30,"129":30,"130":30,"131":30,"132":30,"133":30,"134":6,"135":6,"136":0,"137":6,"138":6,"139":6,"140":6,"141":6,"142":6,"143":6,"144":2,"145":4,"146":2,"147":2,"148":1,"149":1,"150":2,"151":2,"152":6,"153":6,"154":6,"155":3,"156":3,"157":3,"158":3,"159":3,"160":3,"161":3,"162":3,"163":3,"164":3,"165":3,"166":3,"167":3,"168":3,"169":3,"170":3,"171":3,"172":3,"173":3,"174":3},"b":{"1":[30,4],"2":[30,8],"3":[66,51],"4":[48,69],"5":[67,0],"6":[27,40],"7":[12,6],"8":[3,3],"9":[1,2],"10":[1,1],"11":[1,2],"12":[1,1],"13":[29,50],"14":[18,32],"15":[12,38],"16":[22,16],"17":[50,0],"18":[61,0],"19":[1,10],"20":[1,0],"21":[50,11],"22":[1,10],"23":[2,8],"24":[2,9],"25":[31,0],"26":[31,0],"27":[30,0],"28":[30,0],"29":[2,4],"30":[2,2],"31":[1,1]},"f":{"1":67,"2":29,"3":50,"4":34,"5":38,"6":117,"7":17,"8":50,"9":67,"10":18,"11":79,"12":61,"13":11,"14":61,"15":31,"16":30,"17":6,"18":6,"19":6,"20":3,"21":3},"fnMap":{"1":{"name":"refreshSystemState","line":146,"loc":{"start":{"line":146,"column":4},"end":{"line":149,"column":4}}},"2":{"name":"constructor","line":157,"loc":{"start":{"line":157,"column":4},"end":{"line":194,"column":4}}},"3":{"name":"getLatestPrice","line":199,"loc":{"start":{"line":199,"column":4},"end":{"line":208,"column":4}}},"4":{"name":"getLongBeta","line":213,"loc":{"start":{"line":213,"column":4},"end":{"line":221,"column":4}}},"5":{"name":"getShortBeta","line":227,"loc":{"start":{"line":227,"column":4},"end":{"line":233,"column":4}}},"6":{"name":"_refreshTokensPrice","line":238,"loc":{"start":{"line":238,"column":4},"end":{"line":252,"column":4}}},"7":{"name":"_feesMechanism","line":259,"loc":{"start":{"line":259,"column":4},"end":{"line":267,"column":4}}},"8":{"name":"_accreditInterestMechanism","line":274,"loc":{"start":{"line":274,"column":4},"end":{"line":295,"column":4}}},"9":{"name":"_increaseLongShortSides","line":301,"loc":{"start":{"line":301,"column":4},"end":{"line":313,"column":4}}},"10":{"name":"_priceChangeMechanism","line":316,"loc":{"start":{"line":316,"column":4},"end":{"line":369,"column":4}}},"11":{"name":"_updateSystemState","line":375,"loc":{"start":{"line":375,"column":4},"end":{"line":414,"column":4}}},"12":{"name":"_addDeposit","line":416,"loc":{"start":{"line":416,"column":4},"end":{"line":426,"column":4}}},"13":{"name":"_feeCalc","line":428,"loc":{"start":{"line":428,"column":4},"end":{"line":461,"column":4}}},"14":{"name":"_calcFinalDepositAmount","line":467,"loc":{"start":{"line":467,"column":4},"end":{"line":508,"column":4}}},"15":{"name":"mintLong","line":513,"loc":{"start":{"line":513,"column":4},"end":{"line":540,"column":4}}},"16":{"name":"mintShort","line":545,"loc":{"start":{"line":545,"column":4},"end":{"line":575,"column":4}}},"17":{"name":"_redeem","line":577,"loc":{"start":{"line":577,"column":4},"end":{"line":585,"column":4}}},"18":{"name":"_feeCalcRedeem","line":590,"loc":{"start":{"line":590,"column":4},"end":{"line":602,"column":4}}},"19":{"name":"_calcFinalRedeemAmount","line":604,"loc":{"start":{"line":604,"column":4},"end":{"line":633,"column":4}}},"20":{"name":"redeemLong","line":636,"loc":{"start":{"line":636,"column":4},"end":{"line":662,"column":4}}},"21":{"name":"redeemShort","line":664,"loc":{"start":{"line":664,"column":4},"end":{"line":689,"column":4}}}},"statementMap":{"1":{"start":{"line":147,"column":8},"end":{"line":147,"column":27}},"2":{"start":{"line":172,"column":8},"end":{"line":172,"column":54}},"3":{"start":{"line":175,"column":8},"end":{"line":175,"column":41}},"4":{"start":{"line":176,"column":8},"end":{"line":176,"column":44}},"5":{"start":{"line":178,"column":8},"end":{"line":178,"column":39}},"6":{"start":{"line":179,"column":8},"end":{"line":179,"column":75}},"7":{"start":{"line":180,"column":8},"end":{"line":180,"column":40}},"8":{"start":{"line":182,"column":8},"end":{"line":182,"column":35}},"9":{"start":{"line":183,"column":8},"end":{"line":183,"column":47}},"10":{"start":{"line":184,"column":8},"end":{"line":184,"column":33}},"11":{"start":{"line":185,"column":8},"end":{"line":185,"column":49}},"12":{"start":{"line":192,"column":8},"end":{"line":192,"column":37}},"13":{"start":{"line":193,"column":8},"end":{"line":193,"column":38}},"14":{"start":{"line":200,"column":8},"end":{"line":200,"column":7869}},"15":{"start":{"line":207,"column":8},"end":{"line":207,"column":20}},"16":{"start":{"line":216,"column":8},"end":{"line":216,"column":8308}},"17":{"start":{"line":217,"column":12},"end":{"line":217,"column":32}},"18":{"start":{"line":219,"column":12},"end":{"line":219,"column":63}},"19":{"start":{"line":228,"column":8},"end":{"line":228,"column":8645}},"20":{"start":{"line":229,"column":12},"end":{"line":229,"column":32}},"21":{"start":{"line":231,"column":12},"end":{"line":231,"column":63}},"22":{"start":{"line":239,"column":8},"end":{"line":239,"column":58}},"23":{"start":{"line":240,"column":8},"end":{"line":240,"column":8980}},"24":{"start":{"line":241,"column":12},"end":{"line":241,"column":9023}},"25":{"start":{"line":245,"column":8},"end":{"line":245,"column":60}},"26":{"start":{"line":246,"column":8},"end":{"line":246,"column":9206}},"27":{"start":{"line":247,"column":12},"end":{"line":247,"column":9250}},"28":{"start":{"line":251,"column":8},"end":{"line":251,"column":65}},"29":{"start":{"line":264,"column":8},"end":{"line":264,"column":74}},"30":{"start":{"line":266,"column":8},"end":{"line":266,"column":67}},"31":{"start":{"line":278,"column":8},"end":{"line":278,"column":78}},"32":{"start":{"line":279,"column":8},"end":{"line":279,"column":78}},"33":{"start":{"line":281,"column":8},"end":{"line":281,"column":10368}},"34":{"start":{"line":287,"column":8},"end":{"line":287,"column":48}},"35":{"start":{"line":289,"column":8},"end":{"line":289,"column":10551}},"36":{"start":{"line":306,"column":8},"end":{"line":306,"column":58}},"37":{"start":{"line":307,"column":8},"end":{"line":307,"column":11081}},"38":{"start":{"line":308,"column":12},"end":{"line":308,"column":74}},"39":{"start":{"line":309,"column":12},"end":{"line":309,"column":68}},"40":{"start":{"line":310,"column":12},"end":{"line":310,"column":54}},"41":{"start":{"line":311,"column":12},"end":{"line":311,"column":57}},"42":{"start":{"line":318,"column":8},"end":{"line":318,"column":11543}},"43":{"start":{"line":319,"column":12},"end":{"line":319,"column":18}},"44":{"start":{"line":324,"column":8},"end":{"line":324,"column":32}},"45":{"start":{"line":325,"column":8},"end":{"line":325,"column":31}},"46":{"start":{"line":327,"column":8},"end":{"line":327,"column":11748}},"47":{"start":{"line":328,"column":12},"end":{"line":328,"column":11812}},"48":{"start":{"line":331,"column":12},"end":{"line":331,"column":11921}},"49":{"start":{"line":333,"column":16},"end":{"line":333,"column":52}},"50":{"start":{"line":334,"column":16},"end":{"line":334,"column":29}},"51":{"start":{"line":336,"column":16},"end":{"line":336,"column":12160}},"52":{"start":{"line":337,"column":20},"end":{"line":337,"column":12223}},"53":{"start":{"line":341,"column":20},"end":{"line":341,"column":12381}},"54":{"start":{"line":345,"column":16},"end":{"line":345,"column":53}},"55":{"start":{"line":346,"column":16},"end":{"line":346,"column":55}},"56":{"start":{"line":349,"column":12},"end":{"line":349,"column":12679}},"57":{"start":{"line":352,"column":12},"end":{"line":352,"column":12788}},"58":{"start":{"line":353,"column":16},"end":{"line":353,"column":53}},"59":{"start":{"line":354,"column":16},"end":{"line":354,"column":28}},"60":{"start":{"line":356,"column":16},"end":{"line":356,"column":12957}},"61":{"start":{"line":357,"column":20},"end":{"line":357,"column":13020}},"62":{"start":{"line":361,"column":20},"end":{"line":361,"column":13178}},"63":{"start":{"line":365,"column":16},"end":{"line":365,"column":53}},"64":{"start":{"line":366,"column":16},"end":{"line":366,"column":55}},"65":{"start":{"line":376,"column":8},"end":{"line":376,"column":13638}},"66":{"start":{"line":377,"column":12},"end":{"line":377,"column":18}},"67":{"start":{"line":382,"column":8},"end":{"line":382,"column":52}},"68":{"start":{"line":383,"column":8},"end":{"line":383,"column":46}},"69":{"start":{"line":390,"column":8},"end":{"line":390,"column":14131}},"70":{"start":{"line":391,"column":12},"end":{"line":391,"column":42}},"71":{"start":{"line":396,"column":8},"end":{"line":396,"column":14374}},"72":{"start":{"line":397,"column":12},"end":{"line":397,"column":45}},"73":{"start":{"line":398,"column":15},"end":{"line":398,"column":14459}},"74":{"start":{"line":399,"column":12},"end":{"line":399,"column":45}},"75":{"start":{"line":402,"column":12},"end":{"line":402,"column":45}},"76":{"start":{"line":405,"column":8},"end":{"line":405,"column":28}},"77":{"start":{"line":406,"column":8},"end":{"line":406,"column":28}},"78":{"start":{"line":410,"column":8},"end":{"line":410,"column":14868}},"79":{"start":{"line":417,"column":8},"end":{"line":417,"column":63}},"80":{"start":{"line":418,"column":8},"end":{"line":418,"column":72}},"81":{"start":{"line":419,"column":8},"end":{"line":419,"column":62}},"82":{"start":{"line":421,"column":8},"end":{"line":421,"column":66}},"83":{"start":{"line":422,"column":8},"end":{"line":422,"column":59}},"84":{"start":{"line":423,"column":8},"end":{"line":423,"column":68}},"85":{"start":{"line":425,"column":8},"end":{"line":425,"column":54}},"86":{"start":{"line":434,"column":8},"end":{"line":434,"column":15788}},"87":{"start":{"line":436,"column":8},"end":{"line":436,"column":15821}},"88":{"start":{"line":441,"column":12},"end":{"line":441,"column":16230}},"89":{"start":{"line":445,"column":16},"end":{"line":445,"column":16376}},"90":{"start":{"line":450,"column":12},"end":{"line":450,"column":16542}},"91":{"start":{"line":458,"column":12},"end":{"line":458,"column":42}},"92":{"start":{"line":460,"column":8},"end":{"line":460,"column":19}},"93":{"start":{"line":473,"column":8},"end":{"line":473,"column":38}},"94":{"start":{"line":475,"column":8},"end":{"line":475,"column":17292}},"95":{"start":{"line":476,"column":12},"end":{"line":476,"column":38}},"96":{"start":{"line":478,"column":12},"end":{"line":478,"column":28}},"97":{"start":{"line":479,"column":12},"end":{"line":479,"column":39}},"98":{"start":{"line":480,"column":12},"end":{"line":480,"column":17501}},"99":{"start":{"line":481,"column":16},"end":{"line":481,"column":76}},"100":{"start":{"line":484,"column":16},"end":{"line":484,"column":45}},"101":{"start":{"line":485,"column":16},"end":{"line":485,"column":17784}},"102":{"start":{"line":486,"column":20},"end":{"line":486,"column":76}},"103":{"start":{"line":488,"column":20},"end":{"line":488,"column":76}},"104":{"start":{"line":490,"column":16},"end":{"line":490,"column":18015}},"105":{"start":{"line":496,"column":12},"end":{"line":496,"column":45}},"106":{"start":{"line":499,"column":12},"end":{"line":499,"column":18307}},"107":{"start":{"line":500,"column":16},"end":{"line":500,"column":43}},"108":{"start":{"line":502,"column":16},"end":{"line":502,"column":43}},"109":{"start":{"line":504,"column":12},"end":{"line":504,"column":47}},"110":{"start":{"line":506,"column":8},"end":{"line":506,"column":28}},"111":{"start":{"line":507,"column":8},"end":{"line":507,"column":33}},"112":{"start":{"line":514,"column":8},"end":{"line":514,"column":26}},"113":{"start":{"line":515,"column":8},"end":{"line":515,"column":32}},"114":{"start":{"line":516,"column":8},"end":{"line":516,"column":40}},"115":{"start":{"line":517,"column":8},"end":{"line":517,"column":18864}},"116":{"start":{"line":519,"column":8},"end":{"line":519,"column":18976}},"117":{"start":{"line":522,"column":8},"end":{"line":522,"column":19024}},"118":{"start":{"line":525,"column":8},"end":{"line":525,"column":52}},"119":{"start":{"line":526,"column":8},"end":{"line":526,"column":48}},"120":{"start":{"line":528,"column":8},"end":{"line":528,"column":65}},"121":{"start":{"line":531,"column":8},"end":{"line":531,"column":19371}},"122":{"start":{"line":536,"column":8},"end":{"line":536,"column":19555}},"123":{"start":{"line":546,"column":8},"end":{"line":546,"column":26}},"124":{"start":{"line":547,"column":8},"end":{"line":547,"column":32}},"125":{"start":{"line":549,"column":8},"end":{"line":549,"column":42}},"126":{"start":{"line":550,"column":8},"end":{"line":550,"column":20015}},"127":{"start":{"line":552,"column":8},"end":{"line":552,"column":20129}},"128":{"start":{"line":555,"column":8},"end":{"line":555,"column":20177}},"129":{"start":{"line":558,"column":8},"end":{"line":558,"column":54}},"130":{"start":{"line":559,"column":8},"end":{"line":559,"column":49}},"131":{"start":{"line":564,"column":8},"end":{"line":564,"column":66}},"132":{"start":{"line":566,"column":8},"end":{"line":566,"column":20666}},"133":{"start":{"line":571,"column":8},"end":{"line":571,"column":20854}},"134":{"start":{"line":578,"column":8},"end":{"line":578,"column":54}},"135":{"start":{"line":580,"column":8},"end":{"line":580,"column":21094}},"136":{"start":{"line":581,"column":12},"end":{"line":581,"column":51}},"137":{"start":{"line":583,"column":12},"end":{"line":583,"column":52}},"138":{"start":{"line":595,"column":8},"end":{"line":595,"column":75}},"139":{"start":{"line":598,"column":8},"end":{"line":598,"column":21722}},"140":{"start":{"line":601,"column":8},"end":{"line":601,"column":39}},"141":{"start":{"line":610,"column":8},"end":{"line":610,"column":24}},"142":{"start":{"line":611,"column":8},"end":{"line":611,"column":37}},"143":{"start":{"line":613,"column":8},"end":{"line":613,"column":22066}},"144":{"start":{"line":614,"column":12},"end":{"line":614,"column":43}},"145":{"start":{"line":616,"column":12},"end":{"line":616,"column":22185}},"146":{"start":{"line":617,"column":16},"end":{"line":617,"column":45}},"147":{"start":{"line":618,"column":16},"end":{"line":618,"column":22284}},"148":{"start":{"line":619,"column":20},"end":{"line":619,"column":76}},"149":{"start":{"line":621,"column":20},"end":{"line":621,"column":76}},"150":{"start":{"line":623,"column":16},"end":{"line":623,"column":63}},"151":{"start":{"line":626,"column":16},"end":{"line":626,"column":52}},"152":{"start":{"line":629,"column":8},"end":{"line":629,"column":43}},"153":{"start":{"line":630,"column":8},"end":{"line":630,"column":35}},"154":{"start":{"line":632,"column":8},"end":{"line":632,"column":32}},"155":{"start":{"line":638,"column":8},"end":{"line":638,"column":54}},"156":{"start":{"line":640,"column":8},"end":{"line":640,"column":42}},"157":{"start":{"line":641,"column":8},"end":{"line":641,"column":40}},"158":{"start":{"line":642,"column":8},"end":{"line":642,"column":23312}},"159":{"start":{"line":645,"column":8},"end":{"line":645,"column":23375}},"160":{"start":{"line":649,"column":8},"end":{"line":649,"column":23487}},"161":{"start":{"line":657,"column":8},"end":{"line":657,"column":48}},"162":{"start":{"line":658,"column":8},"end":{"line":658,"column":28}},"163":{"start":{"line":659,"column":8},"end":{"line":659,"column":33}},"164":{"start":{"line":661,"column":8},"end":{"line":661,"column":74}},"165":{"start":{"line":665,"column":8},"end":{"line":665,"column":55}},"166":{"start":{"line":667,"column":8},"end":{"line":667,"column":40}},"167":{"start":{"line":668,"column":8},"end":{"line":668,"column":39}},"168":{"start":{"line":669,"column":8},"end":{"line":669,"column":24190}},"169":{"start":{"line":672,"column":8},"end":{"line":672,"column":24252}},"170":{"start":{"line":676,"column":8},"end":{"line":676,"column":24364}},"171":{"start":{"line":684,"column":8},"end":{"line":684,"column":50}},"172":{"start":{"line":685,"column":8},"end":{"line":685,"column":28}},"173":{"start":{"line":686,"column":8},"end":{"line":686,"column":33}},"174":{"start":{"line":688,"column":8},"end":{"line":688,"column":75}}},"branchMap":{"1":{"line":216,"type":"if","locations":[{"start":{"line":216,"column":8},"end":{"line":216,"column":8}},{"start":{"line":216,"column":8},"end":{"line":216,"column":8}}]},"2":{"line":228,"type":"if","locations":[{"start":{"line":228,"column":8},"end":{"line":228,"column":8}},{"start":{"line":228,"column":8},"end":{"line":228,"column":8}}]},"3":{"line":240,"type":"if","locations":[{"start":{"line":240,"column":8},"end":{"line":240,"column":8}},{"start":{"line":240,"column":8},"end":{"line":240,"column":8}}]},"4":{"line":246,"type":"if","locations":[{"start":{"line":246,"column":8},"end":{"line":246,"column":8}},{"start":{"line":246,"column":8},"end":{"line":246,"column":8}}]},"5":{"line":306,"type":"if","locations":[{"start":{"line":306,"column":8},"end":{"line":306,"column":8}},{"start":{"line":306,"column":8},"end":{"line":306,"column":8}}]},"6":{"line":307,"type":"if","locations":[{"start":{"line":307,"column":8},"end":{"line":307,"column":8}},{"start":{"line":307,"column":8},"end":{"line":307,"column":8}}]},"7":{"line":318,"type":"if","locations":[{"start":{"line":318,"column":8},"end":{"line":318,"column":8}},{"start":{"line":318,"column":8},"end":{"line":318,"column":8}}]},"8":{"line":327,"type":"if","locations":[{"start":{"line":327,"column":8},"end":{"line":327,"column":8}},{"start":{"line":327,"column":8},"end":{"line":327,"column":8}}]},"9":{"line":331,"type":"if","locations":[{"start":{"line":331,"column":12},"end":{"line":331,"column":12}},{"start":{"line":331,"column":12},"end":{"line":331,"column":12}}]},"10":{"line":336,"type":"if","locations":[{"start":{"line":336,"column":16},"end":{"line":336,"column":16}},{"start":{"line":336,"column":16},"end":{"line":336,"column":16}}]},"11":{"line":352,"type":"if","locations":[{"start":{"line":352,"column":12},"end":{"line":352,"column":12}},{"start":{"line":352,"column":12},"end":{"line":352,"column":12}}]},"12":{"line":356,"type":"if","locations":[{"start":{"line":356,"column":16},"end":{"line":356,"column":16}},{"start":{"line":356,"column":16},"end":{"line":356,"column":16}}]},"13":{"line":376,"type":"if","locations":[{"start":{"line":376,"column":8},"end":{"line":376,"column":8}},{"start":{"line":376,"column":8},"end":{"line":376,"column":8}}]},"14":{"line":390,"type":"if","locations":[{"start":{"line":390,"column":8},"end":{"line":390,"column":8}},{"start":{"line":390,"column":8},"end":{"line":390,"column":8}}]},"15":{"line":396,"type":"if","locations":[{"start":{"line":396,"column":8},"end":{"line":396,"column":8}},{"start":{"line":396,"column":8},"end":{"line":396,"column":8}}]},"16":{"line":398,"type":"if","locations":[{"start":{"line":398,"column":15},"end":{"line":398,"column":15}},{"start":{"line":398,"column":15},"end":{"line":398,"column":15}}]},"17":{"line":410,"type":"if","locations":[{"start":{"line":410,"column":8},"end":{"line":410,"column":8}},{"start":{"line":410,"column":8},"end":{"line":410,"column":8}}]},"18":{"line":417,"type":"if","locations":[{"start":{"line":417,"column":8},"end":{"line":417,"column":8}},{"start":{"line":417,"column":8},"end":{"line":417,"column":8}}]},"19":{"line":436,"type":"if","locations":[{"start":{"line":436,"column":8},"end":{"line":436,"column":8}},{"start":{"line":436,"column":8},"end":{"line":436,"column":8}}]},"20":{"line":441,"type":"if","locations":[{"start":{"line":441,"column":12},"end":{"line":441,"column":12}},{"start":{"line":441,"column":12},"end":{"line":441,"column":12}}]},"21":{"line":475,"type":"if","locations":[{"start":{"line":475,"column":8},"end":{"line":475,"column":8}},{"start":{"line":475,"column":8},"end":{"line":475,"column":8}}]},"22":{"line":480,"type":"if","locations":[{"start":{"line":480,"column":12},"end":{"line":480,"column":12}},{"start":{"line":480,"column":12},"end":{"line":480,"column":12}}]},"23":{"line":485,"type":"if","locations":[{"start":{"line":485,"column":16},"end":{"line":485,"column":16}},{"start":{"line":485,"column":16},"end":{"line":485,"column":16}}]},"24":{"line":499,"type":"if","locations":[{"start":{"line":499,"column":12},"end":{"line":499,"column":12}},{"start":{"line":499,"column":12},"end":{"line":499,"column":12}}]},"25":{"line":531,"type":"if","locations":[{"start":{"line":531,"column":8},"end":{"line":531,"column":8}},{"start":{"line":531,"column":8},"end":{"line":531,"column":8}}]},"26":{"line":536,"type":"if","locations":[{"start":{"line":536,"column":8},"end":{"line":536,"column":8}},{"start":{"line":536,"column":8},"end":{"line":536,"column":8}}]},"27":{"line":566,"type":"if","locations":[{"start":{"line":566,"column":8},"end":{"line":566,"column":8}},{"start":{"line":566,"column":8},"end":{"line":566,"column":8}}]},"28":{"line":571,"type":"if","locations":[{"start":{"line":571,"column":8},"end":{"line":571,"column":8}},{"start":{"line":571,"column":8},"end":{"line":571,"column":8}}]},"29":{"line":613,"type":"if","locations":[{"start":{"line":613,"column":8},"end":{"line":613,"column":8}},{"start":{"line":613,"column":8},"end":{"line":613,"column":8}}]},"30":{"line":616,"type":"if","locations":[{"start":{"line":616,"column":12},"end":{"line":616,"column":12}},{"start":{"line":616,"column":12},"end":{"line":616,"column":12}}]},"31":{"line":618,"type":"if","locations":[{"start":{"line":618,"column":16},"end":{"line":618,"column":16}},{"start":{"line":618,"column":16},"end":{"line":618,"column":16}}]}}},"contracts/Migrations.sol":{"l":{"8":0,"12":0,"16":0,"20":0,"21":0},"path":"/Users/johanthan/Code/avolabs/longshort/contracts/contracts/Migrations.sol","s":{"1":0,"2":0,"3":0,"4":0,"5":0},"b":{"1":[0,0]},"f":{"1":0,"2":0,"3":0,"4":0},"fnMap":{"1":{"name":"restricted","line":7,"loc":{"start":{"line":7,"column":4},"end":{"line":9,"column":4}}},"2":{"name":"constructor","line":11,"loc":{"start":{"line":11,"column":4},"end":{"line":13,"column":4}}},"3":{"name":"setCompleted","line":15,"loc":{"start":{"line":15,"column":4},"end":{"line":17,"column":4}}},"4":{"name":"upgrade","line":19,"loc":{"start":{"line":19,"column":4},"end":{"line":22,"column":4}}}},"statementMap":{"1":{"start":{"line":8,"column":8},"end":{"line":8,"column":34}},"2":{"start":{"line":12,"column":8},"end":{"line":12,"column":25}},"3":{"start":{"line":16,"column":8},"end":{"line":16,"column":43}},"4":{"start":{"line":20,"column":8},"end":{"line":20,"column":53}},"5":{"start":{"line":21,"column":8},"end":{"line":21,"column":54}}},"branchMap":{"1":{"line":8,"type":"if","locations":[{"start":{"line":8,"column":8},"end":{"line":8,"column":8}},{"start":{"line":8,"column":8},"end":{"line":8,"column":8}}]}}},"contracts/mocks/AaveLendingPool.sol":{"l":{"20":29,"21":29,"22":29,"26":21,"34":61,"35":61,"37":61,"42":1},"path":"/Users/johanthan/Code/avolabs/longshort/contracts/contracts/mocks/AaveLendingPool.sol","s":{"1":29,"2":29,"3":29,"4":21,"5":61,"6":61,"7":61,"8":1},"b":{},"f":{"1":29,"2":21,"3":61,"4":1},"fnMap":{"1":{"name":"constructor","line":15,"loc":{"start":{"line":15,"column":4},"end":{"line":23,"column":4}}},"2":{"name":"setSimulatedInstantAPY","line":25,"loc":{"start":{"line":25,"column":4},"end":{"line":27,"column":4}}},"3":{"name":"deposit","line":29,"loc":{"start":{"line":29,"column":4},"end":{"line":39,"column":4}}},"4":{"name":"mockSendInterest","line":41,"loc":{"start":{"line":41,"column":4},"end":{"line":43,"column":4}}}},"statementMap":{"1":{"start":{"line":20,"column":8},"end":{"line":20,"column":25}},"2":{"start":{"line":21,"column":8},"end":{"line":21,"column":23}},"3":{"start":{"line":22,"column":8},"end":{"line":22,"column":49}},"4":{"start":{"line":26,"column":8},"end":{"line":26,"column":49}},"5":{"start":{"line":34,"column":8},"end":{"line":34,"column":40}},"6":{"start":{"line":35,"column":8},"end":{"line":35,"column":79}},"7":{"start":{"line":37,"column":8},"end":{"line":37,"column":36}},"8":{"start":{"line":42,"column":8},"end":{"line":42,"column":35}}},"branchMap":{}},"contracts/mocks/ADai.sol":{"l":{"20":29,"21":29,"25":0,"32":6,"35":6,"37":6},"path":"/Users/johanthan/Code/avolabs/longshort/contracts/contracts/mocks/ADai.sol","s":{"1":29,"2":29,"3":0,"4":6,"5":6,"6":6},"b":{"1":[6,0]},"f":{"1":29,"2":0,"3":6},"fnMap":{"1":{"name":"constructor","line":18,"loc":{"start":{"line":16,"column":4},"end":{"line":22,"column":4}}},"2":{"name":"setRedeemFailNotEnoughLiquidity","line":24,"loc":{"start":{"line":24,"column":4},"end":{"line":26,"column":4}}},"3":{"name":"redeem","line":28,"loc":{"start":{"line":28,"column":4},"end":{"line":39,"column":4}}}},"statementMap":{"1":{"start":{"line":20,"column":8},"end":{"line":20,"column":23}},"2":{"start":{"line":21,"column":8},"end":{"line":21,"column":30}},"3":{"start":{"line":25,"column":8},"end":{"line":25,"column":40}},"4":{"start":{"line":32,"column":8},"end":{"line":32,"column":71}},"5":{"start":{"line":35,"column":8},"end":{"line":35,"column":41}},"6":{"start":{"line":37,"column":8},"end":{"line":37,"column":36}}},"branchMap":{"1":{"line":32,"type":"if","locations":[{"start":{"line":32,"column":8},"end":{"line":32,"column":8}},{"start":{"line":32,"column":8},"end":{"line":32,"column":8}}]}}},"contracts/mocks/Dai.sol":{"l":{},"path":"/Users/johanthan/Code/avolabs/longshort/contracts/contracts/mocks/Dai.sol","s":{},"b":{},"f":{},"fnMap":{},"statementMap":{},"branchMap":{}},"contracts/mocks/LendingPoolAddressesProvider.sol":{"l":{"10":29,"14":61,"18":61},"path":"/Users/johanthan/Code/avolabs/longshort/contracts/contracts/mocks/LendingPoolAddressesProvider.sol","s":{"1":29,"2":61,"3":61},"b":{},"f":{"1":29,"2":61,"3":61},"fnMap":{"1":{"name":"constructor","line":9,"loc":{"start":{"line":9,"column":2},"end":{"line":11,"column":2}}},"2":{"name":"getLendingPool","line":13,"loc":{"start":{"line":13,"column":2},"end":{"line":15,"column":2}}},"3":{"name":"getLendingPoolCore","line":17,"loc":{"start":{"line":17,"column":2},"end":{"line":19,"column":2}}}},"statementMap":{"1":{"start":{"line":10,"column":4},"end":{"line":10,"column":43}},"2":{"start":{"line":14,"column":4},"end":{"line":14,"column":35}},"3":{"start":{"line":18,"column":4},"end":{"line":18,"column":35}}},"branchMap":{}},"contracts/mocks/MockERC20.sol":{"l":{"23":29,"24":29,"25":29,"26":29,"30":62,"31":62,"35":6,"39":0,"40":0,"44":6,"45":6,"46":6,"54":0,"62":0,"63":0,"64":0,"65":0,"69":56},"path":"/Users/johanthan/Code/avolabs/longshort/contracts/contracts/mocks/MockERC20.sol","s":{"1":29,"2":29,"3":29,"4":29,"5":62,"6":62,"7":6,"8":0,"9":0,"10":6,"11":6,"12":6,"13":0,"14":0,"15":0,"16":0,"17":0,"18":56},"b":{},"f":{"1":29,"2":62,"3":6,"4":0,"5":6,"6":0,"7":0,"8":56},"fnMap":{"1":{"name":"constructor","line":17,"loc":{"start":{"line":17,"column":2},"end":{"line":27,"column":2}}},"2":{"name":"mint","line":29,"loc":{"start":{"line":29,"column":2},"end":{"line":32,"column":2}}},"3":{"name":"burnFrom","line":34,"loc":{"start":{"line":34,"column":2},"end":{"line":36,"column":2}}},"4":{"name":"approve","line":38,"loc":{"start":{"line":38,"column":2},"end":{"line":41,"column":2}}},"5":{"name":"transfer","line":43,"loc":{"start":{"line":43,"column":2},"end":{"line":47,"column":2}}},"6":{"name":"allowance","line":49,"loc":{"start":{"line":49,"column":2},"end":{"line":55,"column":2}}},"7":{"name":"transferFrom","line":57,"loc":{"start":{"line":57,"column":2},"end":{"line":66,"column":2}}},"8":{"name":"balanceOf","line":68,"loc":{"start":{"line":68,"column":2},"end":{"line":70,"column":2}}}},"statementMap":{"1":{"start":{"line":23,"column":4},"end":{"line":23,"column":15}},"2":{"start":{"line":24,"column":4},"end":{"line":24,"column":19}},"3":{"start":{"line":25,"column":4},"end":{"line":25,"column":23}},"4":{"start":{"line":26,"column":4},"end":{"line":26,"column":19}},"5":{"start":{"line":30,"column":4},"end":{"line":30,"column":48}},"6":{"start":{"line":31,"column":4},"end":{"line":31,"column":15}},"7":{"start":{"line":35,"column":4},"end":{"line":35,"column":48}},"8":{"start":{"line":39,"column":4},"end":{"line":39,"column":40}},"9":{"start":{"line":40,"column":4},"end":{"line":40,"column":15}},"10":{"start":{"line":44,"column":4},"end":{"line":44,"column":60}},"11":{"start":{"line":45,"column":4},"end":{"line":45,"column":44}},"12":{"start":{"line":46,"column":4},"end":{"line":46,"column":15}},"13":{"start":{"line":54,"column":4},"end":{"line":54,"column":37}},"14":{"start":{"line":62,"column":4},"end":{"line":62,"column":52}},"15":{"start":{"line":63,"column":4},"end":{"line":63,"column":44}},"16":{"start":{"line":64,"column":4},"end":{"line":64,"column":62}},"17":{"start":{"line":65,"column":4},"end":{"line":65,"column":15}},"18":{"start":{"line":69,"column":4},"end":{"line":69,"column":26}}},"branchMap":{}},"contracts/mocks/PriceOracle.sol":{"l":{"10":29,"14":0,"18":0,"22":0,"40":0,"55":50,"59":6,"63":5},"path":"/Users/johanthan/Code/avolabs/longshort/contracts/contracts/mocks/PriceOracle.sol","s":{"1":29,"2":0,"3":0,"4":0,"5":0,"6":50,"7":6,"8":5},"b":{},"f":{"1":29,"2":0,"3":0,"4":0,"5":0,"6":50,"7":6,"8":5},"fnMap":{"1":{"name":"constructor","line":9,"loc":{"start":{"line":9,"column":4},"end":{"line":11,"column":4}}},"2":{"name":"decimals","line":13,"loc":{"start":{"line":13,"column":4},"end":{"line":15,"column":4}}},"3":{"name":"description","line":17,"loc":{"start":{"line":17,"column":4},"end":{"line":19,"column":4}}},"4":{"name":"version","line":21,"loc":{"start":{"line":21,"column":4},"end":{"line":23,"column":4}}},"5":{"name":"getRoundData","line":28,"loc":{"start":{"line":28,"column":4},"end":{"line":41,"column":4}}},"6":{"name":"latestRoundData","line":43,"loc":{"start":{"line":43,"column":4},"end":{"line":56,"column":4}}},"7":{"name":"increasePrice","line":58,"loc":{"start":{"line":58,"column":4},"end":{"line":60,"column":4}}},"8":{"name":"decreasePrice","line":62,"loc":{"start":{"line":62,"column":4},"end":{"line":64,"column":4}}}},"statementMap":{"1":{"start":{"line":10,"column":8},"end":{"line":10,"column":33}},"2":{"start":{"line":14,"column":8},"end":{"line":14,"column":17}},"3":{"start":{"line":18,"column":8},"end":{"line":18,"column":25}},"4":{"start":{"line":22,"column":8},"end":{"line":22,"column":17}},"5":{"start":{"line":40,"column":8},"end":{"line":40,"column":30}},"6":{"start":{"line":55,"column":8},"end":{"line":55,"column":39}},"7":{"start":{"line":59,"column":8},"end":{"line":59,"column":72}},"8":{"start":{"line":63,"column":8},"end":{"line":63,"column":72}}},"branchMap":{}},"contracts/ShortCoins.sol":{"l":{"11":0,"12":0,"13":0,"14":0},"path":"/Users/johanthan/Code/avolabs/longshort/contracts/contracts/ShortCoins.sol","s":{"1":0,"2":0,"3":0,"4":0},"b":{},"f":{"1":0},"fnMap":{"1":{"name":"setup","line":10,"loc":{"start":{"line":6,"column":4},"end":{"line":16,"column":4}}}},"statementMap":{"1":{"start":{"line":11,"column":8},"end":{"line":11,"column":66}},"2":{"start":{"line":12,"column":8},"end":{"line":12,"column":56}},"3":{"start":{"line":13,"column":8},"end":{"line":13,"column":49}},"4":{"start":{"line":14,"column":8},"end":{"line":14,"column":49}}},"branchMap":{}}}